<?xml version="1.0" encoding="UTF-8"?>
<testsuite xmlns:xsi="http://www.w3.org/2001/XMLSchema-instance" xsi:noNamespaceSchemaLocation="https://maven.apache.org/surefire/maven-surefire-plugin/xsd/surefire-test-report-3.0.xsd" version="3.0" name="MathCalculatorTest" time="0.205" tests="4" errors="0" skipped="0" failures="0">
  <properties>
    <property name="java.specification.version" value="17"/>
    <property name="sun.jnu.encoding" value="UTF-8"/>
    <property name="java.class.path" value="/Users/vismayasolanki/Desktop/sem8/SPE/SPE_MINI_PROJECT/target/test-classes:/Users/vismayasolanki/Desktop/sem8/SPE/SPE_MINI_PROJECT/target/classes:/Users/vismayasolanki/.m2/repository/org/junit/jupiter/junit-jupiter/5.9.2/junit-jupiter-5.9.2.jar:/Users/vismayasolanki/.m2/repository/org/junit/jupiter/junit-jupiter-api/5.9.2/junit-jupiter-api-5.9.2.jar:/Users/vismayasolanki/.m2/repository/org/opentest4j/opentest4j/1.2.0/opentest4j-1.2.0.jar:/Users/vismayasolanki/.m2/repository/org/junit/platform/junit-platform-commons/1.9.2/junit-platform-commons-1.9.2.jar:/Users/vismayasolanki/.m2/repository/org/apiguardian/apiguardian-api/1.1.2/apiguardian-api-1.1.2.jar:/Users/vismayasolanki/.m2/repository/org/junit/jupiter/junit-jupiter-params/5.9.2/junit-jupiter-params-5.9.2.jar:/Users/vismayasolanki/.m2/repository/org/junit/jupiter/junit-jupiter-engine/5.9.2/junit-jupiter-engine-5.9.2.jar:/Users/vismayasolanki/.m2/repository/org/junit/platform/junit-platform-engine/1.9.2/junit-platform-engine-1.9.2.jar:/Users/vismayasolanki/.m2/repository/org/apache/maven/plugins/maven-assembly-plugin/3.4.2/maven-assembly-plugin-3.4.2.jar:/Users/vismayasolanki/.m2/repository/org/apache/maven/shared/maven-common-artifact-filters/3.3.1/maven-common-artifact-filters-3.3.1.jar:/Users/vismayasolanki/.m2/repository/org/slf4j/slf4j-api/1.7.36/slf4j-api-1.7.36.jar:/Users/vismayasolanki/.m2/repository/org/apache/maven/shared/maven-artifact-transfer/0.13.1/maven-artifact-transfer-0.13.1.jar:/Users/vismayasolanki/.m2/repository/org/apache/maven/maven-core/3.0/maven-core-3.0.jar:/Users/vismayasolanki/.m2/repository/org/apache/maven/maven-model/3.0/maven-model-3.0.jar:/Users/vismayasolanki/.m2/repository/org/apache/maven/maven-settings/3.0/maven-settings-3.0.jar:/Users/vismayasolanki/.m2/repository/org/apache/maven/maven-settings-builder/3.0/maven-settings-builder-3.0.jar:/Users/vismayasolanki/.m2/repository/org/apache/maven/maven-repository-metadata/3.0/maven-repository-metadata-3.0.jar:/Users/vismayasolanki/.m2/repository/org/apache/maven/maven-plugin-api/3.0/maven-plugin-api-3.0.jar:/Users/vismayasolanki/.m2/repository/org/apache/maven/maven-model-builder/3.0/maven-model-builder-3.0.jar:/Users/vismayasolanki/.m2/repository/org/apache/maven/maven-aether-provider/3.0/maven-aether-provider-3.0.jar:/Users/vismayasolanki/.m2/repository/org/sonatype/aether/aether-impl/1.7/aether-impl-1.7.jar:/Users/vismayasolanki/.m2/repository/org/sonatype/aether/aether-spi/1.7/aether-spi-1.7.jar:/Users/vismayasolanki/.m2/repository/org/sonatype/aether/aether-api/1.7/aether-api-1.7.jar:/Users/vismayasolanki/.m2/repository/org/sonatype/aether/aether-util/1.7/aether-util-1.7.jar:/Users/vismayasolanki/.m2/repository/org/sonatype/sisu/sisu-inject-plexus/1.4.2/sisu-inject-plexus-1.4.2.jar:/Users/vismayasolanki/.m2/repository/org/sonatype/sisu/sisu-inject-bean/1.4.2/sisu-inject-bean-1.4.2.jar:/Users/vismayasolanki/.m2/repository/org/sonatype/sisu/sisu-guice/2.1.7/sisu-guice-2.1.7-noaop.jar:/Users/vismayasolanki/.m2/repository/org/codehaus/plexus/plexus-classworlds/2.2.3/plexus-classworlds-2.2.3.jar:/Users/vismayasolanki/.m2/repository/org/sonatype/plexus/plexus-sec-dispatcher/1.3/plexus-sec-dispatcher-1.3.jar:/Users/vismayasolanki/.m2/repository/org/sonatype/plexus/plexus-cipher/1.4/plexus-cipher-1.4.jar:/Users/vismayasolanki/.m2/repository/org/apache/maven/maven-artifact/3.0/maven-artifact-3.0.jar:/Users/vismayasolanki/.m2/repository/org/codehaus/plexus/plexus-component-annotations/2.0.0/plexus-component-annotations-2.0.0.jar:/Users/vismayasolanki/.m2/repository/org/codehaus/plexus/plexus-interpolation/1.26/plexus-interpolation-1.26.jar:/Users/vismayasolanki/.m2/repository/commons-io/commons-io/2.11.0/commons-io-2.11.0.jar:/Users/vismayasolanki/.m2/repository/org/apache/maven/shared/maven-filtering/3.3.0/maven-filtering-3.3.0.jar:/Users/vismayasolanki/.m2/repository/javax/inject/javax.inject/1/javax.inject-1.jar:/Users/vismayasolanki/.m2/repository/org/sonatype/plexus/plexus-build-api/0.0.7/plexus-build-api-0.0.7.jar:/Users/vismayasolanki/.m2/repository/org/codehaus/plexus/plexus-io/3.4.0/plexus-io-3.4.0.jar:/Users/vismayasolanki/.m2/repository/org/codehaus/plexus/plexus-archiver/4.4.0/plexus-archiver-4.4.0.jar:/Users/vismayasolanki/.m2/repository/org/apache/commons/commons-compress/1.21/commons-compress-1.21.jar:/Users/vismayasolanki/.m2/repository/org/iq80/snappy/snappy/0.4/snappy-0.4.jar:/Users/vismayasolanki/.m2/repository/org/tukaani/xz/1.9/xz-1.9.jar:/Users/vismayasolanki/.m2/repository/org/apache/maven/maven-archiver/3.6.0/maven-archiver-3.6.0.jar:/Users/vismayasolanki/.m2/repository/org/codehaus/plexus/plexus-utils/3.4.2/plexus-utils-3.4.2.jar:/Users/vismayasolanki/.m2/repository/org/apache/logging/log4j/log4j-api/2.14.0/log4j-api-2.14.0.jar:/Users/vismayasolanki/.m2/repository/org/apache/logging/log4j/log4j-core/2.14.0/log4j-core-2.14.0.jar:"/>
    <property name="java.vm.vendor" value="Homebrew"/>
    <property name="sun.arch.data.model" value="64"/>
    <property name="java.vendor.url" value="https://github.com/Homebrew/homebrew-core/issues"/>
    <property name="user.timezone" value="Asia/Kolkata"/>
    <property name="os.name" value="Mac OS X"/>
    <property name="java.vm.specification.version" value="17"/>
    <property name="sun.java.launcher" value="SUN_STANDARD"/>
    <property name="user.country" value="IN"/>
    <property name="sun.boot.library.path" value="/opt/homebrew/Cellar/openjdk@17/17.0.6/libexec/openjdk.jdk/Contents/Home/lib"/>
    <property name="sun.java.command" value="/Users/vismayasolanki/Desktop/sem8/SPE/SPE_MINI_PROJECT/target/surefire/surefirebooter-20230402104730690_3.jar /Users/vismayasolanki/Desktop/sem8/SPE/SPE_MINI_PROJECT/target/surefire 2023-04-02T10-47-30_638-jvmRun1 surefire-20230402104730690_1tmp surefire_0-20230402104730690_2tmp"/>
    <property name="http.nonProxyHosts" value="local|*.local|169.254/16|*.169.254/16"/>
    <property name="jdk.debug" value="release"/>
    <property name="surefire.test.class.path" value="/Users/vismayasolanki/Desktop/sem8/SPE/SPE_MINI_PROJECT/target/test-classes:/Users/vismayasolanki/Desktop/sem8/SPE/SPE_MINI_PROJECT/target/classes:/Users/vismayasolanki/.m2/repository/org/junit/jupiter/junit-jupiter/5.9.2/junit-jupiter-5.9.2.jar:/Users/vismayasolanki/.m2/repository/org/junit/jupiter/junit-jupiter-api/5.9.2/junit-jupiter-api-5.9.2.jar:/Users/vismayasolanki/.m2/repository/org/opentest4j/opentest4j/1.2.0/opentest4j-1.2.0.jar:/Users/vismayasolanki/.m2/repository/org/junit/platform/junit-platform-commons/1.9.2/junit-platform-commons-1.9.2.jar:/Users/vismayasolanki/.m2/repository/org/apiguardian/apiguardian-api/1.1.2/apiguardian-api-1.1.2.jar:/Users/vismayasolanki/.m2/repository/org/junit/jupiter/junit-jupiter-params/5.9.2/junit-jupiter-params-5.9.2.jar:/Users/vismayasolanki/.m2/repository/org/junit/jupiter/junit-jupiter-engine/5.9.2/junit-jupiter-engine-5.9.2.jar:/Users/vismayasolanki/.m2/repository/org/junit/platform/junit-platform-engine/1.9.2/junit-platform-engine-1.9.2.jar:/Users/vismayasolanki/.m2/repository/org/apache/maven/plugins/maven-assembly-plugin/3.4.2/maven-assembly-plugin-3.4.2.jar:/Users/vismayasolanki/.m2/repository/org/apache/maven/shared/maven-common-artifact-filters/3.3.1/maven-common-artifact-filters-3.3.1.jar:/Users/vismayasolanki/.m2/repository/org/slf4j/slf4j-api/1.7.36/slf4j-api-1.7.36.jar:/Users/vismayasolanki/.m2/repository/org/apache/maven/shared/maven-artifact-transfer/0.13.1/maven-artifact-transfer-0.13.1.jar:/Users/vismayasolanki/.m2/repository/org/apache/maven/maven-core/3.0/maven-core-3.0.jar:/Users/vismayasolanki/.m2/repository/org/apache/maven/maven-model/3.0/maven-model-3.0.jar:/Users/vismayasolanki/.m2/repository/org/apache/maven/maven-settings/3.0/maven-settings-3.0.jar:/Users/vismayasolanki/.m2/repository/org/apache/maven/maven-settings-builder/3.0/maven-settings-builder-3.0.jar:/Users/vismayasolanki/.m2/repository/org/apache/maven/maven-repository-metadata/3.0/maven-repository-metadata-3.0.jar:/Users/vismayasolanki/.m2/repository/org/apache/maven/maven-plugin-api/3.0/maven-plugin-api-3.0.jar:/Users/vismayasolanki/.m2/repository/org/apache/maven/maven-model-builder/3.0/maven-model-builder-3.0.jar:/Users/vismayasolanki/.m2/repository/org/apache/maven/maven-aether-provider/3.0/maven-aether-provider-3.0.jar:/Users/vismayasolanki/.m2/repository/org/sonatype/aether/aether-impl/1.7/aether-impl-1.7.jar:/Users/vismayasolanki/.m2/repository/org/sonatype/aether/aether-spi/1.7/aether-spi-1.7.jar:/Users/vismayasolanki/.m2/repository/org/sonatype/aether/aether-api/1.7/aether-api-1.7.jar:/Users/vismayasolanki/.m2/repository/org/sonatype/aether/aether-util/1.7/aether-util-1.7.jar:/Users/vismayasolanki/.m2/repository/org/sonatype/sisu/sisu-inject-plexus/1.4.2/sisu-inject-plexus-1.4.2.jar:/Users/vismayasolanki/.m2/repository/org/sonatype/sisu/sisu-inject-bean/1.4.2/sisu-inject-bean-1.4.2.jar:/Users/vismayasolanki/.m2/repository/org/sonatype/sisu/sisu-guice/2.1.7/sisu-guice-2.1.7-noaop.jar:/Users/vismayasolanki/.m2/repository/org/codehaus/plexus/plexus-classworlds/2.2.3/plexus-classworlds-2.2.3.jar:/Users/vismayasolanki/.m2/repository/org/sonatype/plexus/plexus-sec-dispatcher/1.3/plexus-sec-dispatcher-1.3.jar:/Users/vismayasolanki/.m2/repository/org/sonatype/plexus/plexus-cipher/1.4/plexus-cipher-1.4.jar:/Users/vismayasolanki/.m2/repository/org/apache/maven/maven-artifact/3.0/maven-artifact-3.0.jar:/Users/vismayasolanki/.m2/repository/org/codehaus/plexus/plexus-component-annotations/2.0.0/plexus-component-annotations-2.0.0.jar:/Users/vismayasolanki/.m2/repository/org/codehaus/plexus/plexus-interpolation/1.26/plexus-interpolation-1.26.jar:/Users/vismayasolanki/.m2/repository/commons-io/commons-io/2.11.0/commons-io-2.11.0.jar:/Users/vismayasolanki/.m2/repository/org/apache/maven/shared/maven-filtering/3.3.0/maven-filtering-3.3.0.jar:/Users/vismayasolanki/.m2/repository/javax/inject/javax.inject/1/javax.inject-1.jar:/Users/vismayasolanki/.m2/repository/org/sonatype/plexus/plexus-build-api/0.0.7/plexus-build-api-0.0.7.jar:/Users/vismayasolanki/.m2/repository/org/codehaus/plexus/plexus-io/3.4.0/plexus-io-3.4.0.jar:/Users/vismayasolanki/.m2/repository/org/codehaus/plexus/plexus-archiver/4.4.0/plexus-archiver-4.4.0.jar:/Users/vismayasolanki/.m2/repository/org/apache/commons/commons-compress/1.21/commons-compress-1.21.jar:/Users/vismayasolanki/.m2/repository/org/iq80/snappy/snappy/0.4/snappy-0.4.jar:/Users/vismayasolanki/.m2/repository/org/tukaani/xz/1.9/xz-1.9.jar:/Users/vismayasolanki/.m2/repository/org/apache/maven/maven-archiver/3.6.0/maven-archiver-3.6.0.jar:/Users/vismayasolanki/.m2/repository/org/codehaus/plexus/plexus-utils/3.4.2/plexus-utils-3.4.2.jar:/Users/vismayasolanki/.m2/repository/org/apache/logging/log4j/log4j-api/2.14.0/log4j-api-2.14.0.jar:/Users/vismayasolanki/.m2/repository/org/apache/logging/log4j/log4j-core/2.14.0/log4j-core-2.14.0.jar:"/>
    <property name="sun.cpu.endian" value="little"/>
    <property name="user.home" value="/Users/vismayasolanki"/>
    <property name="user.language" value="en"/>
    <property name="java.specification.vendor" value="Oracle Corporation"/>
    <property name="java.version.date" value="2023-01-17"/>
    <property name="java.home" value="/opt/homebrew/Cellar/openjdk@17/17.0.6/libexec/openjdk.jdk/Contents/Home"/>
    <property name="file.separator" value="/"/>
    <property name="basedir" value="/Users/vismayasolanki/Desktop/sem8/SPE/SPE_MINI_PROJECT"/>
    <property name="java.vm.compressedOopsMode" value="Zero based"/>
    <property name="line.separator" value="&#10;"/>
    <property name="java.vm.specification.vendor" value="Oracle Corporation"/>
    <property name="java.specification.name" value="Java Platform API Specification"/>
    <property name="surefire.real.class.path" value="/Users/vismayasolanki/Desktop/sem8/SPE/SPE_MINI_PROJECT/target/surefire/surefirebooter-20230402104730690_3.jar"/>
    <property name="sun.management.compiler" value="HotSpot 64-Bit Tiered Compilers"/>
    <property name="ftp.nonProxyHosts" value="local|*.local|169.254/16|*.169.254/16"/>
    <property name="java.runtime.version" value="17.0.6+0"/>
    <property name="user.name" value="vismayasolanki"/>
    <property name="path.separator" value=":"/>
    <property name="os.version" value="13.2.1"/>
    <property name="java.runtime.name" value="OpenJDK Runtime Environment"/>
    <property name="file.encoding" value="UTF-8"/>
    <property name="java.vm.name" value="OpenJDK 64-Bit Server VM"/>
    <property name="java.vendor.version" value="Homebrew"/>
    <property name="localRepository" value="/Users/vismayasolanki/.m2/repository"/>
    <property name="java.vendor.url.bug" value="https://github.com/Homebrew/homebrew-core/issues"/>
    <property name="java.io.tmpdir" value="/var/folders/0k/gy54b3qn2_s8976sspwklyyc0000gn/T/"/>
    <property name="java.version" value="17.0.6"/>
    <property name="user.dir" value="/Users/vismayasolanki/Desktop/sem8/SPE/SPE_MINI_PROJECT"/>
    <property name="os.arch" value="aarch64"/>
    <property name="java.vm.specification.name" value="Java Virtual Machine Specification"/>
    <property name="native.encoding" value="UTF-8"/>
    <property name="java.library.path" value="/Users/vismayasolanki/Library/Java/Extensions:/Library/Java/Extensions:/Network/Library/Java/Extensions:/System/Library/Java/Extensions:/usr/lib/java:."/>
    <property name="java.vm.info" value="mixed mode, sharing"/>
    <property name="java.vendor" value="Homebrew"/>
    <property name="java.vm.version" value="17.0.6+0"/>
    <property name="sun.io.unicode.encoding" value="UnicodeBig"/>
    <property name="socksNonProxyHosts" value="local|*.local|169.254/16|*.169.254/16"/>
    <property name="java.class.version" value="61.0"/>
  </properties>
  <testcase name="computePower" classname="MathCalculatorTest" time="0.022">
    <system-out><![CDATA[10:47:31.138 [main] INFO  Calculator.MathCalculator - [POWER - 2.0 RAISED TO] 3.0
10:47:31.140 [main] INFO  Calculator.MathCalculator - [RESULT - POWER - 8.0
10:47:31.141 [main] INFO  Calculator.MathCalculator - [POWER - 1.0 RAISED TO] 3.0
10:47:31.141 [main] INFO  Calculator.MathCalculator - [RESULT - POWER - 1.0
10:47:31.141 [main] INFO  Calculator.MathCalculator - [POWER - 3.0 RAISED TO] 4.0
10:47:31.141 [main] INFO  Calculator.MathCalculator - [RESULT - POWER - 81.0
10:47:31.141 [main] INFO  Calculator.MathCalculator - [POWER - 4.0 RAISED TO] 3.0
10:47:31.142 [main] INFO  Calculator.MathCalculator - [RESULT - POWER - 64.0
10:47:31.142 [main] INFO  Calculator.MathCalculator - [POWER - 4.0 RAISED TO] 3.0
10:47:31.142 [main] INFO  Calculator.MathCalculator - [RESULT - POWER - 64.0
10:47:31.142 [main] INFO  Calculator.MathCalculator - [POWER - 0.0 RAISED TO] -1.0
10:47:31.142 [main] INFO  Calculator.MathCalculator - [RESULT - POWER - Infinity
10:47:31.142 [main] INFO  Calculator.MathCalculator - [POWER - 10.0 RAISED TO] 2.0
10:47:31.142 [main] INFO  Calculator.MathCalculator - [RESULT - POWER - 100.0
]]></system-out>
  </testcase>
  <testcase name="computeNaturalLog" classname="MathCalculatorTest" time="0.002">
    <system-out><![CDATA[10:47:31.146 [main] INFO  Calculator.MathCalculator - [NATURAL LOG] - 1.0
10:47:31.146 [main] INFO  Calculator.MathCalculator - [RESULT - NATURAL LOG] - 0.0
10:47:31.147 [main] INFO  Calculator.MathCalculator - [NATURAL LOG] - 50.0
10:47:31.147 [main] INFO  Calculator.MathCalculator - [RESULT - NATURAL LOG] - 3.912023005428146
10:47:31.147 [main] INFO  Calculator.MathCalculator - [NATURAL LOG] - 120000.0
10:47:31.147 [main] INFO  Calculator.MathCalculator - [RESULT - NATURAL LOG] - 11.695247021764184
10:47:31.147 [main] INFO  Calculator.MathCalculator - [NATURAL LOG] - 44.0
10:47:31.147 [main] INFO  Calculator.MathCalculator - [RESULT - NATURAL LOG] - 3.784189633918261
10:47:31.147 [main] INFO  Calculator.MathCalculator - [NATURAL LOG] - 7041.0
10:47:31.147 [main] INFO  Calculator.MathCalculator - [RESULT - NATURAL LOG] - 8.859505484519133
10:47:31.147 [main] INFO  Calculator.MathCalculator - [NATURAL LOG] - 5274.0
10:47:31.147 [main] INFO  Calculator.MathCalculator - [RESULT - NATURAL LOG] - 8.570544366913232
]]></system-out>
  </testcase>
  <testcase name="computeFactorial" classname="MathCalculatorTest" time="0.002">
    <system-out><![CDATA[10:47:31.149 [main] INFO  Calculator.MathCalculator - [FACTORIAL] - 5.0
10:47:31.149 [main] INFO  Calculator.MathCalculator - [RESULT - FACTORIAL] - 120.0
10:47:31.149 [main] INFO  Calculator.MathCalculator - [FACTORIAL] - 0.0
10:47:31.149 [main] INFO  Calculator.MathCalculator - [RESULT - FACTORIAL] - 1.0
10:47:31.149 [main] INFO  Calculator.MathCalculator - [FACTORIAL] - 2.0
10:47:31.149 [main] INFO  Calculator.MathCalculator - [RESULT - FACTORIAL] - 2.0
10:47:31.149 [main] INFO  Calculator.MathCalculator - [FACTORIAL] - 10.0
10:47:31.149 [main] INFO  Calculator.MathCalculator - [RESULT - FACTORIAL] - 3628800.0
10:47:31.150 [main] INFO  Calculator.MathCalculator - [FACTORIAL] - 6.0
10:47:31.150 [main] INFO  Calculator.MathCalculator - [RESULT - FACTORIAL] - 720.0
10:47:31.150 [main] INFO  Calculator.MathCalculator - [FACTORIAL] - 7.0
10:47:31.150 [main] INFO  Calculator.MathCalculator - [RESULT - FACTORIAL] - 5040.0
10:47:31.150 [main] INFO  Calculator.MathCalculator - [FACTORIAL] - 8.0
10:47:31.150 [main] INFO  Calculator.MathCalculator - [RESULT - FACTORIAL] - 40320.0
10:47:31.150 [main] INFO  Calculator.MathCalculator - [FACTORIAL] - 14.0
10:47:31.150 [main] INFO  Calculator.MathCalculator - [RESULT - FACTORIAL] - 8.71782912E10
]]></system-out>
  </testcase>
  <testcase name="computeSquareRoot" classname="MathCalculatorTest" time="0.002">
    <system-out><![CDATA[10:47:31.152 [main] INFO  Calculator.MathCalculator - [SQRT] - 16.0
10:47:31.152 [main] INFO  Calculator.MathCalculator - [RESULT - SQRT] - 4.0
10:47:31.152 [main] INFO  Calculator.MathCalculator - [SQRT] - 1.0
10:47:31.152 [main] INFO  Calculator.MathCalculator - [RESULT - SQRT] - 1.0
10:47:31.152 [main] INFO  Calculator.MathCalculator - [SQRT] - 81.0
10:47:31.152 [main] INFO  Calculator.MathCalculator - [RESULT - SQRT] - 9.0
10:47:31.152 [main] INFO  Calculator.MathCalculator - [SQRT] - 36.0
10:47:31.152 [main] INFO  Calculator.MathCalculator - [RESULT - SQRT] - 6.0
10:47:31.153 [main] INFO  Calculator.MathCalculator - [SQRT] - 35.0
10:47:31.153 [main] INFO  Calculator.MathCalculator - [RESULT - SQRT] - 5.916079783099616
10:47:31.153 [main] INFO  Calculator.MathCalculator - [SQRT] - 0.25
10:47:31.153 [main] INFO  Calculator.MathCalculator - [RESULT - SQRT] - 0.5
10:47:31.153 [main] INFO  Calculator.MathCalculator - [SQRT] - 101.0
10:47:31.153 [main] INFO  Calculator.MathCalculator - [RESULT - SQRT] - 10.04987562112089
]]></system-out>
  </testcase>
</testsuite>